<?xml version='1.0' encoding='UTF-8' ?>
<testsuite name="com.example.affirmation.AffirmationsListTests" tests="1" failures="1" errors="0" skipped="0" time="11.975" timestamp="2023-09-04T16:57:46" hostname="localhost">
  <properties>
    <property name="device" value="Resizable_Experimental_API_33(AVD) - 13" />
    <property name="flavor" value="" />
    <property name="project" value=":app" />
  </properties>
  <testcase name="scroll_to_item" classname="com.example.affirmation.AffirmationsListTests" time="8.528">
    <failure>androidx.test.espresso.PerformException: Error performing 'scroll RecyclerView to: holder with view: an instance of android.widget.TextView and view.getText() equals string from resource id: &lt;2131689500&gt;' on view 'Animations or transitions are enabled on the target device.
For more info check: https://developer.android.com/training/testing/espresso/setup#set-up-environment

view.getId() is &lt;2131231063/com.example.affirmation:id/recycler_view&gt;'.
at androidx.test.espresso.PerformException$Builder.build(PerformException.java:1)
at androidx.test.espresso.base.PerformExceptionHandler.handleSafely(PerformExceptionHandler.java:8)
at androidx.test.espresso.base.PerformExceptionHandler.handleSafely(PerformExceptionHandler.java:9)
at androidx.test.espresso.base.DefaultFailureHandler$TypedFailureHandler.handle(DefaultFailureHandler.java:4)
at androidx.test.espresso.base.DefaultFailureHandler.handle(DefaultFailureHandler.java:5)
at androidx.test.espresso.ViewInteraction.waitForAndHandleInteractionResults(ViewInteraction.java:8)
at androidx.test.espresso.ViewInteraction.desugaredPerform(ViewInteraction.java:11)
at androidx.test.espresso.ViewInteraction.perform(ViewInteraction.java:8)
at com.example.affirmation.AffirmationsListTests.scroll_to_item(AffirmationsListTests.kt:25)
... 33 trimmed
Caused by: java.lang.RuntimeException: Found 0 items matching holder with view: an instance of android.widget.TextView and view.getText() equals string from resource id: &lt;2131689500&gt;, but position -1 was requested.
at androidx.test.espresso.contrib.RecyclerViewActions$ScrollToViewAction.perform(RecyclerViewActions.java:361)
at androidx.test.espresso.ViewInteraction$SingleExecutionViewAction.perform(ViewInteraction.java:2)
at androidx.test.espresso.ViewInteraction.doPerform(ViewInteraction.java:25)
at androidx.test.espresso.ViewInteraction.-$$Nest$mdoPerform(Unknown Source:0)
at androidx.test.espresso.ViewInteraction$1.call(ViewInteraction.java:7)
at androidx.test.espresso.ViewInteraction$1.call(ViewInteraction.java:1)
at java.util.concurrent.FutureTask.run(FutureTask.java:264)
at android.os.Handler.handleCallback(Handler.java:942)
at android.os.Handler.dispatchMessage(Handler.java:99)
at android.os.Looper.loopOnce(Looper.java:201)
at android.os.Looper.loop(Looper.java:288)
at android.app.ActivityThread.main(ActivityThread.java:7872)
at java.lang.reflect.Method.invoke(Native Method)
at com.android.internal.os.RuntimeInit$MethodAndArgsCaller.run(RuntimeInit.java:548)
at com.android.internal.os.ZygoteInit.main(ZygoteInit.java:936)</failure>
  </testcase>
</testsuite>